<?xml version="1.0" encoding="UTF-8"?>
<!-- Generated by org.testng.reporters.JUnitXMLReporter -->
<testsuite ignored="0" hostname="Siddharths-Mac.local" failures="0" tests="6" name="Default test" time="3.218" errors="0" timestamp="2024-04-15T10:58:58 IST">
  <testcase classname="Tests.ReqResTest" name="testGet1" time="0.962"/>
  <testcase classname="Tests.ReqResTest" name="testGet2" time="0.533"/>
  <testcase classname="Tests.ReqResTest" name="testPost1" time="0.381"/>
  <testcase classname="Tests.ReqResTest" name="testPut1" time="0.446"/>
  <testcase classname="Tests.ReqResTest" name="testPatch1" time="0.484"/>
  <testcase classname="Tests.ReqResTest" name="testDelete1" time="0.387"/>
</testsuite> <!-- Default test -->
